2025-05-12 17:05:28.273 [info] [main] Log level: Info
2025-05-12 17:05:28.273 [info] [main] Validating found git in: "git"
2025-05-12 17:05:28.273 [info] [main] Using git "2.34.1" from "git"
2025-05-12 17:05:28.273 [info] [Model][doInitialScan] Initial repository scan started
2025-05-12 17:05:28.273 [info] > git rev-parse --show-toplevel [252ms]
2025-05-12 17:05:28.273 [info] > git rev-parse --git-dir --git-common-dir [3ms]
2025-05-12 17:05:28.273 [info] [Model][openRepository] Opened repository: /home/aluno
2025-05-12 17:05:28.273 [info] > git config --get commit.template [6ms]
2025-05-12 17:05:28.273 [info] > git rev-parse --show-toplevel [197ms]
2025-05-12 17:05:28.273 [info] > git for-each-ref --format=%(refname)%00%(upstream:short)%00%(objectname)%00%(upstream:track)%00%(upstream:remotename)%00%(upstream:remoteref) refs/heads/main refs/remotes/main [10ms]
2025-05-12 17:05:28.273 [info] > git rev-parse --show-toplevel [20ms]
2025-05-12 17:05:28.273 [info] > git status -z -uall [18ms]
2025-05-12 17:05:28.273 [info] > git for-each-ref --sort -committerdate --format %(refname)%00%(objectname)%00%(*objectname) [8ms]
2025-05-12 17:05:28.273 [info] > git rev-parse --show-toplevel [5ms]
2025-05-12 17:05:28.273 [info] > git for-each-ref --format=%(refname)%00%(upstream:short)%00%(objectname)%00%(upstream:track)%00%(upstream:remotename)%00%(upstream:remoteref) refs/heads/main refs/remotes/main [41ms]
2025-05-12 17:05:28.273 [info] > git config --get --local branch.main.vscode-merge-base [43ms]
2025-05-12 17:05:28.273 [warning] [Git][config] git config failed: Failed to execute git
2025-05-12 17:05:28.273 [info] > git config --get commit.template [50ms]
2025-05-12 17:05:28.273 [info] > git rev-parse --show-toplevel [82ms]
2025-05-12 17:05:28.273 [info] > git for-each-ref --format=%(refname)%00%(upstream:short)%00%(objectname)%00%(upstream:track)%00%(upstream:remotename)%00%(upstream:remoteref) refs/heads/main refs/remotes/main [3ms]
2025-05-12 17:05:28.273 [info] > git rev-parse --show-toplevel [12ms]
2025-05-12 17:05:28.273 [info] > git reflog main --grep-reflog=branch: Created from *. [16ms]
2025-05-12 17:05:28.273 [info] > git status -z -uall [9ms]
2025-05-12 17:05:28.273 [info] > git for-each-ref --sort -committerdate --format %(refname)%00%(objectname)%00%(*objectname) [7ms]
2025-05-12 17:05:28.273 [info] > git rev-parse --show-toplevel [4ms]
2025-05-12 17:05:28.273 [info] [Model][doInitialScan] Initial repository scan completed - repositories (1), closed repositories (0), parent repositories (0), unsafe repositories (0)
2025-05-12 17:05:28.273 [info] > git symbolic-ref --short refs/remotes/origin/HEAD [15ms]
2025-05-12 17:05:28.273 [info] fatal: ref refs/remotes/origin/HEAD is not a symbolic ref
2025-05-12 17:05:28.273 [warning] [Repository][getDefaultBranch] Failed to get default branch details: Failed to execute git.
2025-05-12 17:05:28.731 [info] > git show --textconv :AULAS_JAVA/HelloWorld/Main.java [12ms]
2025-05-12 17:05:28.733 [info] > git ls-files --stage -- AULAS_JAVA/HelloWorld/Main.java [10ms]
2025-05-12 17:05:28.750 [info] > git cat-file -s 598f2d1b27f3d04c3959674b0b1e1445a5b4f3db [11ms]
2025-05-12 17:05:28.789 [info] > git check-ignore -v -z --stdin [5ms]
2025-05-12 17:05:29.098 [info] > git blame --root --incremental 3b217d002b7b550df1b8e0df88c8c5895d550be2 -- AULAS_JAVA/HelloWorld/Main.java [85ms]
2025-05-12 17:05:32.800 [info] > git config --get commit.template [8ms]
2025-05-12 17:05:32.802 [info] > git for-each-ref --format=%(refname)%00%(upstream:short)%00%(objectname)%00%(upstream:track)%00%(upstream:remotename)%00%(upstream:remoteref) refs/heads/main refs/remotes/main [3ms]
2025-05-12 17:05:32.813 [info] > git for-each-ref --sort -committerdate --format %(refname)%00%(objectname)%00%(*objectname) [2ms]
2025-05-12 17:05:32.819 [info] > git status -z -uall [11ms]
2025-05-12 17:05:34.354 [info] > git show --textconv :README.md [12ms]
2025-05-12 17:05:34.354 [info] > git ls-files --stage -- README.md [8ms]
2025-05-12 17:05:34.359 [info] > git cat-file -s 50acb6bdb15b209b34d390ff7eb7d1d58853641b [2ms]
2025-05-12 17:05:34.394 [info] > git blame --root --incremental 3b217d002b7b550df1b8e0df88c8c5895d550be2 -- README.md [3ms]
2025-05-12 17:05:35.869 [info] > git show --textconv :.sudo_as_admin_successful [4ms]
2025-05-12 17:05:35.870 [info] > git ls-files --stage -- .sudo_as_admin_successful [2ms]
2025-05-12 17:05:35.874 [info] > git cat-file -s e69de29bb2d1d6434b8b29ae775ad8c2e48c5391 [1ms]
2025-05-12 17:05:36.988 [info] > git show --textconv :AULAS_PYTHON/HelloWorld/HelloWorld.py [3ms]
2025-05-12 17:05:36.989 [info] > git ls-files --stage -- AULAS_PYTHON/HelloWorld/HelloWorld.py [1ms]
2025-05-12 17:05:36.994 [info] > git cat-file -s 1dc45ac13680332bc368aa383fec751aed9e6220 [1ms]
2025-05-12 17:05:37.047 [info] > git blame --root --incremental 3b217d002b7b550df1b8e0df88c8c5895d550be2 -- AULAS_PYTHON/HelloWorld/HelloWorld.py [4ms]
2025-05-12 17:05:37.264 [info] > git check-ignore -v -z --stdin [1ms]
2025-05-12 17:05:37.832 [info] > git config --get commit.template [4ms]
2025-05-12 17:05:37.832 [info] > git for-each-ref --format=%(refname)%00%(upstream:short)%00%(objectname)%00%(upstream:track)%00%(upstream:remotename)%00%(upstream:remoteref) refs/heads/main refs/remotes/main [1ms]
2025-05-12 17:05:37.839 [info] > git for-each-ref --sort -committerdate --format %(refname)%00%(objectname)%00%(*objectname) [1ms]
2025-05-12 17:05:37.845 [info] > git status -z -uall [10ms]
2025-05-12 17:05:42.855 [info] > git config --get commit.template [3ms]
2025-05-12 17:05:42.856 [info] > git for-each-ref --format=%(refname)%00%(upstream:short)%00%(objectname)%00%(upstream:track)%00%(upstream:remotename)%00%(upstream:remoteref) refs/heads/main refs/remotes/main [2ms]
2025-05-12 17:05:42.862 [info] > git for-each-ref --sort -committerdate --format %(refname)%00%(objectname)%00%(*objectname) [2ms]
2025-05-12 17:05:42.865 [info] > git status -z -uall [7ms]
2025-05-12 17:05:56.840 [info] > git config --get commit.template [5ms]
2025-05-12 17:05:56.841 [info] > git for-each-ref --format=%(refname)%00%(upstream:short)%00%(objectname)%00%(upstream:track)%00%(upstream:remotename)%00%(upstream:remoteref) refs/heads/main refs/remotes/main [3ms]
2025-05-12 17:05:56.853 [info] > git for-each-ref --sort -committerdate --format %(refname)%00%(objectname)%00%(*objectname) [1ms]
2025-05-12 17:05:56.855 [info] > git status -z -uall [10ms]
2025-05-12 17:11:51.915 [info] > git for-each-ref --format=%(refname)%00%(upstream:short)%00%(objectname)%00%(upstream:track)%00%(upstream:remotename)%00%(upstream:remoteref) refs/heads/main refs/remotes/main [2ms]
2025-05-12 17:11:51.916 [info] > git config --get commit.template [11ms]
2025-05-12 17:11:51.927 [info] > git for-each-ref --sort -committerdate --format %(refname)%00%(objectname)%00%(*objectname) [3ms]
2025-05-12 17:11:51.930 [info] > git status -z -uall [11ms]
2025-05-12 17:11:56.950 [info] > git config --get commit.template [4ms]
2025-05-12 17:11:56.951 [info] > git for-each-ref --format=%(refname)%00%(upstream:short)%00%(objectname)%00%(upstream:track)%00%(upstream:remotename)%00%(upstream:remoteref) refs/heads/main refs/remotes/main [2ms]
2025-05-12 17:11:56.960 [info] > git for-each-ref --sort -committerdate --format %(refname)%00%(objectname)%00%(*objectname) [2ms]
2025-05-12 17:11:56.962 [info] > git status -z -uall [8ms]
2025-05-12 17:12:01.973 [info] > git config --get commit.template [4ms]
2025-05-12 17:12:01.974 [info] > git for-each-ref --format=%(refname)%00%(upstream:short)%00%(objectname)%00%(upstream:track)%00%(upstream:remotename)%00%(upstream:remoteref) refs/heads/main refs/remotes/main [2ms]
2025-05-12 17:12:01.980 [info] > git for-each-ref --sort -committerdate --format %(refname)%00%(objectname)%00%(*objectname) [1ms]
2025-05-12 17:12:01.983 [info] > git status -z -uall [7ms]
2025-05-12 17:14:07.673 [info] > git config --get commit.template [24ms]
2025-05-12 17:14:07.676 [info] > git for-each-ref --format=%(refname)%00%(upstream:short)%00%(objectname)%00%(upstream:track)%00%(upstream:remotename)%00%(upstream:remoteref) refs/heads/main refs/remotes/main [22ms]
2025-05-12 17:14:07.695 [info] > git for-each-ref --sort -committerdate --format %(refname)%00%(objectname)%00%(*objectname) [10ms]
2025-05-12 17:14:07.748 [info] > git status -z -uall [67ms]
2025-05-12 17:14:12.638 [info] > git show --textconv :README.md [4ms]
2025-05-12 17:14:12.639 [info] > git ls-files --stage -- README.md [2ms]
2025-05-12 17:14:12.643 [info] > git cat-file -s 50acb6bdb15b209b34d390ff7eb7d1d58853641b [2ms]
2025-05-12 17:14:12.762 [info] > git config --get commit.template [4ms]
2025-05-12 17:14:12.762 [info] > git for-each-ref --format=%(refname)%00%(upstream:short)%00%(objectname)%00%(upstream:track)%00%(upstream:remotename)%00%(upstream:remoteref) refs/heads/main refs/remotes/main [1ms]
2025-05-12 17:14:12.771 [info] > git status -z -uall [6ms]
2025-05-12 17:14:12.771 [info] > git for-each-ref --sort -committerdate --format %(refname)%00%(objectname)%00%(*objectname) [2ms]
2025-05-12 17:14:17.782 [info] > git config --get commit.template [4ms]
2025-05-12 17:14:17.783 [info] > git for-each-ref --format=%(refname)%00%(upstream:short)%00%(objectname)%00%(upstream:track)%00%(upstream:remotename)%00%(upstream:remoteref) refs/heads/main refs/remotes/main [2ms]
2025-05-12 17:14:17.790 [info] > git for-each-ref --sort -committerdate --format %(refname)%00%(objectname)%00%(*objectname) [2ms]
2025-05-12 17:14:17.791 [info] > git status -z -uall [5ms]
2025-05-12 17:14:22.805 [info] > git config --get commit.template [4ms]
2025-05-12 17:14:22.806 [info] > git for-each-ref --format=%(refname)%00%(upstream:short)%00%(objectname)%00%(upstream:track)%00%(upstream:remotename)%00%(upstream:remoteref) refs/heads/main refs/remotes/main [2ms]
2025-05-12 17:14:22.813 [info] > git for-each-ref --sort -committerdate --format %(refname)%00%(objectname)%00%(*objectname) [1ms]
2025-05-12 17:14:22.817 [info] > git status -z -uall [7ms]
2025-05-12 17:14:27.832 [info] > git config --get commit.template [6ms]
2025-05-12 17:14:27.833 [info] > git for-each-ref --format=%(refname)%00%(upstream:short)%00%(objectname)%00%(upstream:track)%00%(upstream:remotename)%00%(upstream:remoteref) refs/heads/main refs/remotes/main [2ms]
2025-05-12 17:14:27.844 [info] > git for-each-ref --sort -committerdate --format %(refname)%00%(objectname)%00%(*objectname) [2ms]
2025-05-12 17:14:27.845 [info] > git status -z -uall [8ms]
2025-05-12 17:14:32.857 [info] > git config --get commit.template [4ms]
2025-05-12 17:14:32.857 [info] > git for-each-ref --format=%(refname)%00%(upstream:short)%00%(objectname)%00%(upstream:track)%00%(upstream:remotename)%00%(upstream:remoteref) refs/heads/main refs/remotes/main [1ms]
2025-05-12 17:14:32.865 [info] > git for-each-ref --sort -committerdate --format %(refname)%00%(objectname)%00%(*objectname) [1ms]
2025-05-12 17:14:32.866 [info] > git status -z -uall [6ms]
2025-05-12 17:14:37.877 [info] > git config --get commit.template [3ms]
2025-05-12 17:14:37.878 [info] > git for-each-ref --format=%(refname)%00%(upstream:short)%00%(objectname)%00%(upstream:track)%00%(upstream:remotename)%00%(upstream:remoteref) refs/heads/main refs/remotes/main [1ms]
2025-05-12 17:14:37.888 [info] > git status -z -uall [6ms]
2025-05-12 17:14:37.889 [info] > git for-each-ref --sort -committerdate --format %(refname)%00%(objectname)%00%(*objectname) [3ms]
2025-05-12 17:14:42.900 [info] > git config --get commit.template [3ms]
2025-05-12 17:14:42.901 [info] > git for-each-ref --format=%(refname)%00%(upstream:short)%00%(objectname)%00%(upstream:track)%00%(upstream:remotename)%00%(upstream:remoteref) refs/heads/main refs/remotes/main [2ms]
2025-05-12 17:14:42.909 [info] > git for-each-ref --sort -committerdate --format %(refname)%00%(objectname)%00%(*objectname) [2ms]
2025-05-12 17:14:42.911 [info] > git status -z -uall [7ms]
2025-05-12 17:14:47.925 [info] > git config --get commit.template [2ms]
2025-05-12 17:14:47.931 [info] > git for-each-ref --format=%(refname)%00%(upstream:short)%00%(objectname)%00%(upstream:track)%00%(upstream:remotename)%00%(upstream:remoteref) refs/heads/main refs/remotes/main [2ms]
2025-05-12 17:14:47.940 [info] > git for-each-ref --sort -committerdate --format %(refname)%00%(objectname)%00%(*objectname) [1ms]
2025-05-12 17:14:47.943 [info] > git status -z -uall [8ms]
2025-05-12 17:14:52.958 [info] > git config --get commit.template [3ms]
2025-05-12 17:14:52.958 [info] > git for-each-ref --format=%(refname)%00%(upstream:short)%00%(objectname)%00%(upstream:track)%00%(upstream:remotename)%00%(upstream:remoteref) refs/heads/main refs/remotes/main [1ms]
2025-05-12 17:14:52.966 [info] > git for-each-ref --sort -committerdate --format %(refname)%00%(objectname)%00%(*objectname) [2ms]
2025-05-12 17:14:52.971 [info] > git status -z -uall [10ms]
2025-05-12 17:14:57.981 [info] > git config --get commit.template [4ms]
2025-05-12 17:14:57.981 [info] > git for-each-ref --format=%(refname)%00%(upstream:short)%00%(objectname)%00%(upstream:track)%00%(upstream:remotename)%00%(upstream:remoteref) refs/heads/main refs/remotes/main [1ms]
2025-05-12 17:14:57.988 [info] > git for-each-ref --sort -committerdate --format %(refname)%00%(objectname)%00%(*objectname) [1ms]
2025-05-12 17:14:57.991 [info] > git status -z -uall [7ms]
2025-05-12 17:15:03.000 [info] > git config --get commit.template [4ms]
2025-05-12 17:15:03.000 [info] > git for-each-ref --format=%(refname)%00%(upstream:short)%00%(objectname)%00%(upstream:track)%00%(upstream:remotename)%00%(upstream:remoteref) refs/heads/main refs/remotes/main [1ms]
2025-05-12 17:15:03.007 [info] > git for-each-ref --sort -committerdate --format %(refname)%00%(objectname)%00%(*objectname) [1ms]
2025-05-12 17:15:03.010 [info] > git status -z -uall [7ms]
2025-05-12 17:15:08.659 [info] > git config --get commit.template [5ms]
2025-05-12 17:15:08.660 [info] > git for-each-ref --format=%(refname)%00%(upstream:short)%00%(objectname)%00%(upstream:track)%00%(upstream:remotename)%00%(upstream:remoteref) refs/heads/main refs/remotes/main [2ms]
2025-05-12 17:15:08.680 [info] > git status -z -uall [10ms]
2025-05-12 17:15:08.681 [info] > git for-each-ref --sort -committerdate --format %(refname)%00%(objectname)%00%(*objectname) [4ms]
2025-05-12 17:15:17.269 [info] > git config --get commit.template [9ms]
2025-05-12 17:15:17.270 [info] > git for-each-ref --format=%(refname)%00%(upstream:short)%00%(objectname)%00%(upstream:track)%00%(upstream:remotename)%00%(upstream:remoteref) refs/heads/main refs/remotes/main [2ms]
2025-05-12 17:15:17.281 [info] > git for-each-ref --sort -committerdate --format %(refname)%00%(objectname)%00%(*objectname) [1ms]
2025-05-12 17:15:17.292 [info] > git status -z -uall [17ms]
2025-05-12 17:15:22.305 [info] > git config --get commit.template [5ms]
2025-05-12 17:15:22.305 [info] > git for-each-ref --format=%(refname)%00%(upstream:short)%00%(objectname)%00%(upstream:track)%00%(upstream:remotename)%00%(upstream:remoteref) refs/heads/main refs/remotes/main [1ms]
2025-05-12 17:15:22.319 [info] > git status -z -uall [5ms]
2025-05-12 17:15:22.320 [info] > git for-each-ref --sort -committerdate --format %(refname)%00%(objectname)%00%(*objectname) [3ms]
2025-05-12 17:15:27.340 [info] > git config --get commit.template [13ms]
2025-05-12 17:15:27.341 [info] > git for-each-ref --format=%(refname)%00%(upstream:short)%00%(objectname)%00%(upstream:track)%00%(upstream:remotename)%00%(upstream:remoteref) refs/heads/main refs/remotes/main [10ms]
2025-05-12 17:15:27.348 [info] > git for-each-ref --sort -committerdate --format %(refname)%00%(objectname)%00%(*objectname) [2ms]
2025-05-12 17:15:27.366 [info] > git status -z -uall [23ms]
2025-05-12 17:15:32.377 [info] > git config --get commit.template [5ms]
2025-05-12 17:15:32.377 [info] > git for-each-ref --format=%(refname)%00%(upstream:short)%00%(objectname)%00%(upstream:track)%00%(upstream:remotename)%00%(upstream:remoteref) refs/heads/main refs/remotes/main [1ms]
2025-05-12 17:15:32.384 [info] > git for-each-ref --sort -committerdate --format %(refname)%00%(objectname)%00%(*objectname) [1ms]
2025-05-12 17:15:32.388 [info] > git status -z -uall [8ms]
2025-05-12 17:15:38.113 [info] > git config --get commit.template [4ms]
2025-05-12 17:15:38.114 [info] > git for-each-ref --format=%(refname)%00%(upstream:short)%00%(objectname)%00%(upstream:track)%00%(upstream:remotename)%00%(upstream:remoteref) refs/heads/main refs/remotes/main [1ms]
2025-05-12 17:15:38.122 [info] > git for-each-ref --sort -committerdate --format %(refname)%00%(objectname)%00%(*objectname) [2ms]
2025-05-12 17:15:38.125 [info] > git status -z -uall [8ms]
2025-05-12 17:15:43.134 [info] > git config --get commit.template [3ms]
2025-05-12 17:15:43.135 [info] > git for-each-ref --format=%(refname)%00%(upstream:short)%00%(objectname)%00%(upstream:track)%00%(upstream:remotename)%00%(upstream:remoteref) refs/heads/main refs/remotes/main [1ms]
2025-05-12 17:15:43.140 [info] > git for-each-ref --sort -committerdate --format %(refname)%00%(objectname)%00%(*objectname) [1ms]
2025-05-12 17:15:43.144 [info] > git status -z -uall [7ms]
2025-05-12 17:15:53.648 [info] > git config --get commit.template [5ms]
2025-05-12 17:15:53.648 [info] > git for-each-ref --format=%(refname)%00%(upstream:short)%00%(objectname)%00%(upstream:track)%00%(upstream:remotename)%00%(upstream:remoteref) refs/heads/main refs/remotes/main [1ms]
2025-05-12 17:15:53.664 [info] > git for-each-ref --sort -committerdate --format %(refname)%00%(objectname)%00%(*objectname) [1ms]
2025-05-12 17:15:53.676 [info] > git status -z -uall [18ms]
2025-05-12 17:15:58.692 [info] > git config --get commit.template [5ms]
2025-05-12 17:15:58.692 [info] > git for-each-ref --format=%(refname)%00%(upstream:short)%00%(objectname)%00%(upstream:track)%00%(upstream:remotename)%00%(upstream:remoteref) refs/heads/main refs/remotes/main [2ms]
2025-05-12 17:15:58.699 [info] > git for-each-ref --sort -committerdate --format %(refname)%00%(objectname)%00%(*objectname) [1ms]
2025-05-12 17:15:58.702 [info] > git status -z -uall [7ms]
2025-05-12 17:16:03.711 [info] > git config --get commit.template [3ms]
2025-05-12 17:16:03.712 [info] > git for-each-ref --format=%(refname)%00%(upstream:short)%00%(objectname)%00%(upstream:track)%00%(upstream:remotename)%00%(upstream:remoteref) refs/heads/main refs/remotes/main [1ms]
2025-05-12 17:16:03.717 [info] > git for-each-ref --sort -committerdate --format %(refname)%00%(objectname)%00%(*objectname) [1ms]
2025-05-12 17:16:03.720 [info] > git status -z -uall [6ms]
2025-05-12 17:16:08.727 [info] > git config --get commit.template [1ms]
2025-05-12 17:16:08.732 [info] > git for-each-ref --format=%(refname)%00%(upstream:short)%00%(objectname)%00%(upstream:track)%00%(upstream:remotename)%00%(upstream:remoteref) refs/heads/main refs/remotes/main [2ms]
2025-05-12 17:16:08.738 [info] > git for-each-ref --sort -committerdate --format %(refname)%00%(objectname)%00%(*objectname) [1ms]
2025-05-12 17:16:08.741 [info] > git status -z -uall [7ms]
2025-05-12 17:16:13.751 [info] > git config --get commit.template [4ms]
2025-05-12 17:16:13.751 [info] > git for-each-ref --format=%(refname)%00%(upstream:short)%00%(objectname)%00%(upstream:track)%00%(upstream:remotename)%00%(upstream:remoteref) refs/heads/main refs/remotes/main [1ms]
2025-05-12 17:16:13.758 [info] > git for-each-ref --sort -committerdate --format %(refname)%00%(objectname)%00%(*objectname) [2ms]
2025-05-12 17:16:13.761 [info] > git status -z -uall [6ms]
2025-05-12 17:16:18.768 [info] > git config --get commit.template [3ms]
2025-05-12 17:16:18.769 [info] > git for-each-ref --format=%(refname)%00%(upstream:short)%00%(objectname)%00%(upstream:track)%00%(upstream:remotename)%00%(upstream:remoteref) refs/heads/main refs/remotes/main [0ms]
2025-05-12 17:16:18.775 [info] > git for-each-ref --sort -committerdate --format %(refname)%00%(objectname)%00%(*objectname) [1ms]
2025-05-12 17:16:18.779 [info] > git status -z -uall [8ms]
2025-05-12 17:16:23.791 [info] > git config --get commit.template [5ms]
2025-05-12 17:16:23.791 [info] > git for-each-ref --format=%(refname)%00%(upstream:short)%00%(objectname)%00%(upstream:track)%00%(upstream:remotename)%00%(upstream:remoteref) refs/heads/main refs/remotes/main [1ms]
2025-05-12 17:16:23.800 [info] > git for-each-ref --sort -committerdate --format %(refname)%00%(objectname)%00%(*objectname) [2ms]
2025-05-12 17:16:23.803 [info] > git status -z -uall [8ms]
2025-05-12 17:16:28.812 [info] > git config --get commit.template [2ms]
2025-05-12 17:16:28.812 [info] > git for-each-ref --format=%(refname)%00%(upstream:short)%00%(objectname)%00%(upstream:track)%00%(upstream:remotename)%00%(upstream:remoteref) refs/heads/main refs/remotes/main [0ms]
2025-05-12 17:16:28.817 [info] > git for-each-ref --sort -committerdate --format %(refname)%00%(objectname)%00%(*objectname) [1ms]
2025-05-12 17:16:28.820 [info] > git status -z -uall [6ms]
2025-05-12 17:16:33.831 [info] > git config --get commit.template [4ms]
2025-05-12 17:16:33.831 [info] > git for-each-ref --format=%(refname)%00%(upstream:short)%00%(objectname)%00%(upstream:track)%00%(upstream:remotename)%00%(upstream:remoteref) refs/heads/main refs/remotes/main [1ms]
2025-05-12 17:16:33.840 [info] > git for-each-ref --sort -committerdate --format %(refname)%00%(objectname)%00%(*objectname) [2ms]
2025-05-12 17:16:33.843 [info] > git status -z -uall [9ms]
2025-05-12 17:16:53.851 [info] > git config --get commit.template [5ms]
2025-05-12 17:16:53.851 [info] > git for-each-ref --format=%(refname)%00%(upstream:short)%00%(objectname)%00%(upstream:track)%00%(upstream:remotename)%00%(upstream:remoteref) refs/heads/main refs/remotes/main [1ms]
2025-05-12 17:16:53.864 [info] > git for-each-ref --sort -committerdate --format %(refname)%00%(objectname)%00%(*objectname) [6ms]
2025-05-12 17:16:53.865 [info] > git status -z -uall [10ms]
2025-05-12 17:16:58.877 [info] > git config --get commit.template [4ms]
2025-05-12 17:16:58.877 [info] > git for-each-ref --format=%(refname)%00%(upstream:short)%00%(objectname)%00%(upstream:track)%00%(upstream:remotename)%00%(upstream:remoteref) refs/heads/main refs/remotes/main [1ms]
2025-05-12 17:16:58.883 [info] > git for-each-ref --sort -committerdate --format %(refname)%00%(objectname)%00%(*objectname) [1ms]
2025-05-12 17:16:58.887 [info] > git status -z -uall [7ms]
2025-05-12 17:17:03.896 [info] > git config --get commit.template [3ms]
2025-05-12 17:17:03.897 [info] > git for-each-ref --format=%(refname)%00%(upstream:short)%00%(objectname)%00%(upstream:track)%00%(upstream:remotename)%00%(upstream:remoteref) refs/heads/main refs/remotes/main [2ms]
2025-05-12 17:17:03.904 [info] > git for-each-ref --sort -committerdate --format %(refname)%00%(objectname)%00%(*objectname) [2ms]
2025-05-12 17:17:03.907 [info] > git status -z -uall [8ms]
2025-05-12 17:17:08.917 [info] > git config --get commit.template [2ms]
2025-05-12 17:17:08.921 [info] > git for-each-ref --format=%(refname)%00%(upstream:short)%00%(objectname)%00%(upstream:track)%00%(upstream:remotename)%00%(upstream:remoteref) refs/heads/main refs/remotes/main [2ms]
2025-05-12 17:17:08.928 [info] > git for-each-ref --sort -committerdate --format %(refname)%00%(objectname)%00%(*objectname) [2ms]
2025-05-12 17:17:08.930 [info] > git status -z -uall [6ms]
2025-05-12 17:17:56.405 [info] > git config --get commit.template [10ms]
2025-05-12 17:17:56.405 [info] > git for-each-ref --format=%(refname)%00%(upstream:short)%00%(objectname)%00%(upstream:track)%00%(upstream:remotename)%00%(upstream:remoteref) refs/heads/main refs/remotes/main [5ms]
2025-05-12 17:17:56.428 [info] > git for-each-ref --sort -committerdate --format %(refname)%00%(objectname)%00%(*objectname) [10ms]
2025-05-12 17:17:56.434 [info] > git status -z -uall [24ms]
2025-05-12 17:21:37.787 [info] > git for-each-ref --format=%(refname)%00%(upstream:short)%00%(objectname)%00%(upstream:track)%00%(upstream:remotename)%00%(upstream:remoteref) refs/heads/main refs/remotes/main [1ms]
2025-05-12 17:21:37.789 [info] > git config --get commit.template [8ms]
2025-05-12 17:21:37.832 [info] > git status -z -uall [40ms]
2025-05-12 17:21:37.833 [info] > git for-each-ref --sort -committerdate --format %(refname)%00%(objectname)%00%(*objectname) [2ms]
2025-05-12 17:21:42.844 [info] > git config --get commit.template [4ms]
2025-05-12 17:21:42.845 [info] > git for-each-ref --format=%(refname)%00%(upstream:short)%00%(objectname)%00%(upstream:track)%00%(upstream:remotename)%00%(upstream:remoteref) refs/heads/main refs/remotes/main [2ms]
2025-05-12 17:21:42.852 [info] > git for-each-ref --sort -committerdate --format %(refname)%00%(objectname)%00%(*objectname) [2ms]
2025-05-12 17:21:42.855 [info] > git status -z -uall [8ms]
2025-05-12 17:21:47.863 [info] > git config --get commit.template [4ms]
2025-05-12 17:21:47.864 [info] > git for-each-ref --format=%(refname)%00%(upstream:short)%00%(objectname)%00%(upstream:track)%00%(upstream:remotename)%00%(upstream:remoteref) refs/heads/main refs/remotes/main [2ms]
2025-05-12 17:21:47.873 [info] > git for-each-ref --sort -committerdate --format %(refname)%00%(objectname)%00%(*objectname) [3ms]
2025-05-12 17:21:47.876 [info] > git status -z -uall [9ms]
2025-05-12 17:21:52.886 [info] > git config --get commit.template [2ms]
2025-05-12 17:21:52.892 [info] > git for-each-ref --format=%(refname)%00%(upstream:short)%00%(objectname)%00%(upstream:track)%00%(upstream:remotename)%00%(upstream:remoteref) refs/heads/main refs/remotes/main [2ms]
2025-05-12 17:21:52.904 [info] > git for-each-ref --sort -committerdate --format %(refname)%00%(objectname)%00%(*objectname) [5ms]
2025-05-12 17:21:52.912 [info] > git status -z -uall [17ms]
