2025-05-13 13:13:17.900 [info] [main] Log level: Info
2025-05-13 13:13:17.900 [info] [main] Validating found git in: "git"
2025-05-13 13:13:17.901 [info] [main] Using git "2.34.1" from "git"
2025-05-13 13:13:17.901 [info] [Model][doInitialScan] Initial repository scan started
2025-05-13 13:13:17.901 [info] > git rev-parse --show-toplevel [12ms]
2025-05-13 13:13:17.901 [info] > git rev-parse --git-dir --git-common-dir [3ms]
2025-05-13 13:13:17.901 [info] [Model][openRepository] Opened repository: /home/aluno
2025-05-13 13:13:17.901 [info] > git rev-parse --show-toplevel [2ms]
2025-05-13 13:13:17.901 [info] > git config --get commit.template [4ms]
2025-05-13 13:13:17.901 [info] > git rev-parse --show-toplevel [5ms]
2025-05-13 13:13:17.901 [info] > git for-each-ref --format=%(refname)%00%(upstream:short)%00%(objectname)%00%(upstream:track)%00%(upstream:remotename)%00%(upstream:remoteref) refs/heads/main refs/remotes/main [6ms]
2025-05-13 13:13:17.901 [info] > git rev-parse --show-toplevel [10ms]
2025-05-13 13:13:17.901 [info] > git for-each-ref --sort -committerdate --format %(refname)%00%(objectname)%00%(*objectname) [4ms]
2025-05-13 13:13:17.901 [info] > git status -z -uall [11ms]
2025-05-13 13:13:17.901 [info] > git rev-parse --show-toplevel [35ms]
2025-05-13 13:13:17.901 [info] > git for-each-ref --format=%(refname)%00%(upstream:short)%00%(objectname)%00%(upstream:track)%00%(upstream:remotename)%00%(upstream:remoteref) refs/heads/main refs/remotes/main [8ms]
2025-05-13 13:13:17.901 [info] > git rev-parse --show-toplevel [4ms]
2025-05-13 13:13:17.901 [info] [Model][doInitialScan] Initial repository scan completed - repositories (1), closed repositories (0), parent repositories (0), unsafe repositories (0)
2025-05-13 13:13:17.901 [info] > git config --get commit.template [9ms]
2025-05-13 13:13:17.901 [info] > git config --get --local branch.main.vscode-merge-base [152ms]
2025-05-13 13:13:17.901 [warning] [Git][config] git config failed: Failed to execute git
2025-05-13 13:13:17.901 [info] > git reflog main --grep-reflog=branch: Created from *. [32ms]
2025-05-13 13:13:17.901 [info] > git for-each-ref --format=%(refname)%00%(upstream:short)%00%(objectname)%00%(upstream:track)%00%(upstream:remotename)%00%(upstream:remoteref) refs/heads/main refs/remotes/main [18ms]
2025-05-13 13:13:17.901 [info] > git status -z -uall [9ms]
2025-05-13 13:13:17.901 [info] > git symbolic-ref --short refs/remotes/origin/HEAD [12ms]
2025-05-13 13:13:17.901 [info] fatal: ref refs/remotes/origin/HEAD is not a symbolic ref
2025-05-13 13:13:17.901 [warning] [Repository][getDefaultBranch] Failed to get default branch details: Failed to execute git.
2025-05-13 13:13:17.904 [info] > git for-each-ref --sort -committerdate --format %(refname)%00%(objectname)%00%(*objectname) [11ms]
2025-05-13 13:13:18.100 [info] > git show --textconv :README.md [25ms]
2025-05-13 13:13:18.100 [info] > git ls-files --stage -- README.md [22ms]
2025-05-13 13:13:18.105 [info] > git cat-file -s 50acb6bdb15b209b34d390ff7eb7d1d58853641b [2ms]
2025-05-13 13:13:18.325 [info] > git blame --root --incremental 3b217d002b7b550df1b8e0df88c8c5895d550be2 -- README.md [5ms]
2025-05-13 13:13:18.503 [info] > git check-ignore -v -z --stdin [1ms]
2025-05-13 13:13:21.267 [info] > git config --get commit.template [3ms]
2025-05-13 13:13:21.267 [info] > git for-each-ref --format=%(refname)%00%(upstream:short)%00%(objectname)%00%(upstream:track)%00%(upstream:remotename)%00%(upstream:remoteref) refs/heads/main refs/remotes/main [0ms]
2025-05-13 13:13:21.272 [info] > git for-each-ref --sort -committerdate --format %(refname)%00%(objectname)%00%(*objectname) [1ms]
2025-05-13 13:13:21.274 [info] > git status -z -uall [5ms]
2025-05-13 13:13:26.281 [info] > git config --get commit.template [1ms]
2025-05-13 13:13:26.284 [info] > git for-each-ref --format=%(refname)%00%(upstream:short)%00%(objectname)%00%(upstream:track)%00%(upstream:remotename)%00%(upstream:remoteref) refs/heads/main refs/remotes/main [1ms]
2025-05-13 13:13:26.289 [info] > git for-each-ref --sort -committerdate --format %(refname)%00%(objectname)%00%(*objectname) [1ms]
2025-05-13 13:13:26.292 [info] > git status -z -uall [6ms]
2025-05-13 13:13:31.300 [info] > git config --get commit.template [6ms]
2025-05-13 13:13:31.300 [info] > git for-each-ref --format=%(refname)%00%(upstream:short)%00%(objectname)%00%(upstream:track)%00%(upstream:remotename)%00%(upstream:remoteref) refs/heads/main refs/remotes/main [1ms]
2025-05-13 13:13:31.304 [info] > git for-each-ref --sort -committerdate --format %(refname)%00%(objectname)%00%(*objectname) [1ms]
2025-05-13 13:13:31.306 [info] > git status -z -uall [4ms]
2025-05-13 13:13:36.314 [info] > git config --get commit.template [3ms]
2025-05-13 13:13:36.314 [info] > git for-each-ref --format=%(refname)%00%(upstream:short)%00%(objectname)%00%(upstream:track)%00%(upstream:remotename)%00%(upstream:remoteref) refs/heads/main refs/remotes/main [1ms]
2025-05-13 13:13:36.318 [info] > git for-each-ref --sort -committerdate --format %(refname)%00%(objectname)%00%(*objectname) [1ms]
2025-05-13 13:13:36.320 [info] > git status -z -uall [5ms]
2025-05-13 13:13:47.545 [info] > git config --get commit.template [3ms]
2025-05-13 13:13:47.546 [info] > git for-each-ref --format=%(refname)%00%(upstream:short)%00%(objectname)%00%(upstream:track)%00%(upstream:remotename)%00%(upstream:remoteref) refs/heads/main refs/remotes/main [1ms]
2025-05-13 13:13:47.553 [info] > git for-each-ref --sort -committerdate --format %(refname)%00%(objectname)%00%(*objectname) [2ms]
2025-05-13 13:13:47.557 [info] > git status -z -uall [8ms]
2025-05-13 13:13:52.566 [info] > git config --get commit.template [2ms]
2025-05-13 13:13:52.566 [info] > git for-each-ref --format=%(refname)%00%(upstream:short)%00%(objectname)%00%(upstream:track)%00%(upstream:remotename)%00%(upstream:remoteref) refs/heads/main refs/remotes/main [1ms]
2025-05-13 13:13:52.571 [info] > git for-each-ref --sort -committerdate --format %(refname)%00%(objectname)%00%(*objectname) [1ms]
2025-05-13 13:13:52.573 [info] > git status -z -uall [5ms]
2025-05-13 13:13:57.583 [info] > git config --get commit.template [2ms]
2025-05-13 13:13:57.584 [info] > git for-each-ref --format=%(refname)%00%(upstream:short)%00%(objectname)%00%(upstream:track)%00%(upstream:remotename)%00%(upstream:remoteref) refs/heads/main refs/remotes/main [1ms]
2025-05-13 13:13:57.588 [info] > git for-each-ref --sort -committerdate --format %(refname)%00%(objectname)%00%(*objectname) [1ms]
2025-05-13 13:13:57.590 [info] > git status -z -uall [5ms]
2025-05-13 13:14:04.678 [info] > git config --get commit.template [3ms]
2025-05-13 13:14:04.679 [info] > git for-each-ref --format=%(refname)%00%(upstream:short)%00%(objectname)%00%(upstream:track)%00%(upstream:remotename)%00%(upstream:remoteref) refs/heads/main refs/remotes/main [1ms]
2025-05-13 13:14:04.686 [info] > git for-each-ref --sort -committerdate --format %(refname)%00%(objectname)%00%(*objectname) [1ms]
2025-05-13 13:14:04.687 [info] > git status -z -uall [6ms]
2025-05-13 13:14:09.706 [info] > git config --get commit.template [2ms]
2025-05-13 13:14:09.706 [info] > git for-each-ref --format=%(refname)%00%(upstream:short)%00%(objectname)%00%(upstream:track)%00%(upstream:remotename)%00%(upstream:remoteref) refs/heads/main refs/remotes/main [1ms]
2025-05-13 13:14:09.710 [info] > git for-each-ref --sort -committerdate --format %(refname)%00%(objectname)%00%(*objectname) [1ms]
2025-05-13 13:14:09.712 [info] > git status -z -uall [4ms]
2025-05-13 13:14:14.721 [info] > git config --get commit.template [3ms]
2025-05-13 13:14:14.721 [info] > git for-each-ref --format=%(refname)%00%(upstream:short)%00%(objectname)%00%(upstream:track)%00%(upstream:remotename)%00%(upstream:remoteref) refs/heads/main refs/remotes/main [1ms]
2025-05-13 13:14:14.726 [info] > git for-each-ref --sort -committerdate --format %(refname)%00%(objectname)%00%(*objectname) [1ms]
2025-05-13 13:14:14.729 [info] > git status -z -uall [6ms]
2025-05-13 13:14:19.741 [info] > git config --get commit.template [3ms]
2025-05-13 13:14:19.741 [info] > git for-each-ref --format=%(refname)%00%(upstream:short)%00%(objectname)%00%(upstream:track)%00%(upstream:remotename)%00%(upstream:remoteref) refs/heads/main refs/remotes/main [1ms]
2025-05-13 13:14:19.746 [info] > git for-each-ref --sort -committerdate --format %(refname)%00%(objectname)%00%(*objectname) [1ms]
2025-05-13 13:14:19.748 [info] > git status -z -uall [5ms]
2025-05-13 13:14:24.756 [info] > git config --get commit.template [1ms]
2025-05-13 13:14:24.758 [info] > git for-each-ref --format=%(refname)%00%(upstream:short)%00%(objectname)%00%(upstream:track)%00%(upstream:remotename)%00%(upstream:remoteref) refs/heads/main refs/remotes/main [0ms]
2025-05-13 13:14:24.763 [info] > git for-each-ref --sort -committerdate --format %(refname)%00%(objectname)%00%(*objectname) [1ms]
2025-05-13 13:14:24.765 [info] > git status -z -uall [5ms]
2025-05-13 13:14:29.771 [info] > git config --get commit.template [2ms]
2025-05-13 13:14:29.772 [info] > git for-each-ref --format=%(refname)%00%(upstream:short)%00%(objectname)%00%(upstream:track)%00%(upstream:remotename)%00%(upstream:remoteref) refs/heads/main refs/remotes/main [2ms]
2025-05-13 13:14:29.776 [info] > git for-each-ref --sort -committerdate --format %(refname)%00%(objectname)%00%(*objectname) [1ms]
2025-05-13 13:14:29.778 [info] > git status -z -uall [4ms]
2025-05-13 13:14:34.793 [info] > git config --get commit.template [9ms]
2025-05-13 13:14:34.795 [info] > git for-each-ref --format=%(refname)%00%(upstream:short)%00%(objectname)%00%(upstream:track)%00%(upstream:remotename)%00%(upstream:remoteref) refs/heads/main refs/remotes/main [9ms]
2025-05-13 13:14:34.801 [info] > git for-each-ref --sort -committerdate --format %(refname)%00%(objectname)%00%(*objectname) [2ms]
2025-05-13 13:14:34.824 [info] > git status -z -uall [27ms]
2025-05-13 13:14:39.832 [info] > git config --get commit.template [2ms]
2025-05-13 13:14:39.832 [info] > git for-each-ref --format=%(refname)%00%(upstream:short)%00%(objectname)%00%(upstream:track)%00%(upstream:remotename)%00%(upstream:remoteref) refs/heads/main refs/remotes/main [1ms]
2025-05-13 13:14:39.836 [info] > git for-each-ref --sort -committerdate --format %(refname)%00%(objectname)%00%(*objectname) [1ms]
2025-05-13 13:14:39.838 [info] > git status -z -uall [5ms]
2025-05-13 13:14:44.845 [info] > git config --get commit.template [1ms]
2025-05-13 13:14:44.849 [info] > git for-each-ref --format=%(refname)%00%(upstream:short)%00%(objectname)%00%(upstream:track)%00%(upstream:remotename)%00%(upstream:remoteref) refs/heads/main refs/remotes/main [1ms]
2025-05-13 13:14:44.853 [info] > git for-each-ref --sort -committerdate --format %(refname)%00%(objectname)%00%(*objectname) [1ms]
2025-05-13 13:14:44.855 [info] > git status -z -uall [4ms]
