2025-05-12 16:48:58.701 [info] [main] Log level: Info
2025-05-12 16:48:58.701 [info] [main] Validating found git in: "git"
2025-05-12 16:48:58.701 [info] [main] Using git "2.34.1" from "git"
2025-05-12 16:48:58.701 [info] [Model][doInitialScan] Initial repository scan started
2025-05-12 16:48:58.701 [info] > git rev-parse --show-toplevel [189ms]
2025-05-12 16:48:58.701 [info] > git rev-parse --git-dir --git-common-dir [8ms]
2025-05-12 16:48:58.701 [info] [Model][openRepository] Opened repository: /home/aluno
2025-05-12 16:48:58.701 [info] > git rev-parse --show-toplevel [2ms]
2025-05-12 16:48:58.701 [info] > git config --get commit.template [4ms]
2025-05-12 16:48:58.701 [info] > git rev-parse --show-toplevel [6ms]
2025-05-12 16:48:58.701 [info] > git for-each-ref --format=%(refname)%00%(upstream:short)%00%(objectname)%00%(upstream:track)%00%(upstream:remotename)%00%(upstream:remoteref) refs/heads/main refs/remotes/main [7ms]
2025-05-12 16:48:58.701 [info] > git rev-parse --show-toplevel [9ms]
2025-05-12 16:48:58.701 [info] > git status -z -uall [15ms]
2025-05-12 16:48:58.701 [info] > git for-each-ref --sort -committerdate --format %(refname)%00%(objectname)%00%(*objectname) [12ms]
2025-05-12 16:48:58.701 [info] > git for-each-ref --format=%(refname)%00%(upstream:short)%00%(objectname)%00%(upstream:track)%00%(upstream:remotename)%00%(upstream:remoteref) refs/heads/main refs/remotes/main [14ms]
2025-05-12 16:48:58.701 [info] > git rev-parse --show-toplevel [54ms]
2025-05-12 16:48:58.701 [info] > git config --get --local branch.main.vscode-merge-base [12ms]
2025-05-12 16:48:58.701 [warning] [Git][config] git config failed: Failed to execute git
2025-05-12 16:48:58.701 [info] > git config --get commit.template [25ms]
2025-05-12 16:48:58.701 [info] > git rev-parse --show-toplevel [5ms]
2025-05-12 16:48:58.701 [info] [Model][doInitialScan] Initial repository scan completed - repositories (1), closed repositories (0), parent repositories (0), unsafe repositories (0)
2025-05-12 16:48:58.701 [info] > git reflog main --grep-reflog=branch: Created from *. [8ms]
2025-05-12 16:48:58.701 [info] > git for-each-ref --format=%(refname)%00%(upstream:short)%00%(objectname)%00%(upstream:track)%00%(upstream:remotename)%00%(upstream:remoteref) refs/heads/main refs/remotes/main [5ms]
2025-05-12 16:48:58.701 [info] > git symbolic-ref --short refs/remotes/origin/HEAD [8ms]
2025-05-12 16:48:58.701 [info] fatal: ref refs/remotes/origin/HEAD is not a symbolic ref
2025-05-12 16:48:58.701 [warning] [Repository][getDefaultBranch] Failed to get default branch details: Failed to execute git.
2025-05-12 16:48:58.701 [info] > git for-each-ref --sort -committerdate --format %(refname)%00%(objectname)%00%(*objectname) [4ms]
2025-05-12 16:48:58.701 [info] > git status -z -uall [8ms]
2025-05-12 16:48:59.291 [info] > git check-ignore -v -z --stdin [9ms]
2025-05-12 16:49:02.450 [info] > git config --get commit.template [2ms]
2025-05-12 16:49:02.454 [info] > git for-each-ref --format=%(refname)%00%(upstream:short)%00%(objectname)%00%(upstream:track)%00%(upstream:remotename)%00%(upstream:remoteref) refs/heads/main refs/remotes/main [2ms]
2025-05-12 16:49:02.463 [info] > git for-each-ref --sort -committerdate --format %(refname)%00%(objectname)%00%(*objectname) [2ms]
2025-05-12 16:49:02.465 [info] > git status -z -uall [8ms]
2025-05-12 16:49:07.476 [info] > git config --get commit.template [4ms]
2025-05-12 16:49:07.476 [info] > git for-each-ref --format=%(refname)%00%(upstream:short)%00%(objectname)%00%(upstream:track)%00%(upstream:remotename)%00%(upstream:remoteref) refs/heads/main refs/remotes/main [1ms]
2025-05-12 16:49:07.482 [info] > git for-each-ref --sort -committerdate --format %(refname)%00%(objectname)%00%(*objectname) [1ms]
2025-05-12 16:49:07.485 [info] > git status -z -uall [7ms]
2025-05-12 16:49:12.496 [info] > git config --get commit.template [3ms]
2025-05-12 16:49:12.497 [info] > git for-each-ref --format=%(refname)%00%(upstream:short)%00%(objectname)%00%(upstream:track)%00%(upstream:remotename)%00%(upstream:remoteref) refs/heads/main refs/remotes/main [2ms]
2025-05-12 16:49:12.502 [info] > git for-each-ref --sort -committerdate --format %(refname)%00%(objectname)%00%(*objectname) [1ms]
2025-05-12 16:49:12.505 [info] > git status -z -uall [6ms]
2025-05-12 16:49:17.516 [info] > git config --get commit.template [3ms]
2025-05-12 16:49:17.517 [info] > git for-each-ref --format=%(refname)%00%(upstream:short)%00%(objectname)%00%(upstream:track)%00%(upstream:remotename)%00%(upstream:remoteref) refs/heads/main refs/remotes/main [2ms]
2025-05-12 16:49:17.523 [info] > git for-each-ref --sort -committerdate --format %(refname)%00%(objectname)%00%(*objectname) [1ms]
2025-05-12 16:49:17.525 [info] > git status -z -uall [6ms]
2025-05-12 16:49:22.535 [info] > git config --get commit.template [4ms]
2025-05-12 16:49:22.536 [info] > git for-each-ref --format=%(refname)%00%(upstream:short)%00%(objectname)%00%(upstream:track)%00%(upstream:remotename)%00%(upstream:remoteref) refs/heads/main refs/remotes/main [2ms]
2025-05-12 16:49:22.542 [info] > git for-each-ref --sort -committerdate --format %(refname)%00%(objectname)%00%(*objectname) [1ms]
2025-05-12 16:49:22.545 [info] > git status -z -uall [7ms]
2025-05-12 16:49:27.558 [info] > git config --get commit.template [4ms]
2025-05-12 16:49:27.558 [info] > git for-each-ref --format=%(refname)%00%(upstream:short)%00%(objectname)%00%(upstream:track)%00%(upstream:remotename)%00%(upstream:remoteref) refs/heads/main refs/remotes/main [2ms]
2025-05-12 16:49:27.570 [info] > git status -z -uall [8ms]
2025-05-12 16:49:27.570 [info] > git for-each-ref --sort -committerdate --format %(refname)%00%(objectname)%00%(*objectname) [3ms]
2025-05-12 16:49:32.583 [info] > git config --get commit.template [4ms]
2025-05-12 16:49:32.584 [info] > git for-each-ref --format=%(refname)%00%(upstream:short)%00%(objectname)%00%(upstream:track)%00%(upstream:remotename)%00%(upstream:remoteref) refs/heads/main refs/remotes/main [2ms]
2025-05-12 16:49:32.591 [info] > git for-each-ref --sort -committerdate --format %(refname)%00%(objectname)%00%(*objectname) [2ms]
2025-05-12 16:49:32.593 [info] > git status -z -uall [7ms]
2025-05-12 16:49:37.606 [info] > git config --get commit.template [4ms]
2025-05-12 16:49:37.606 [info] > git for-each-ref --format=%(refname)%00%(upstream:short)%00%(objectname)%00%(upstream:track)%00%(upstream:remotename)%00%(upstream:remoteref) refs/heads/main refs/remotes/main [1ms]
2025-05-12 16:49:37.613 [info] > git for-each-ref --sort -committerdate --format %(refname)%00%(objectname)%00%(*objectname) [1ms]
2025-05-12 16:49:37.615 [info] > git status -z -uall [7ms]
2025-05-12 16:49:42.625 [info] > git config --get commit.template [4ms]
2025-05-12 16:49:42.626 [info] > git for-each-ref --format=%(refname)%00%(upstream:short)%00%(objectname)%00%(upstream:track)%00%(upstream:remotename)%00%(upstream:remoteref) refs/heads/main refs/remotes/main [2ms]
2025-05-12 16:49:42.634 [info] > git for-each-ref --sort -committerdate --format %(refname)%00%(objectname)%00%(*objectname) [3ms]
2025-05-12 16:49:42.635 [info] > git status -z -uall [6ms]
2025-05-12 16:49:47.646 [info] > git config --get commit.template [4ms]
2025-05-12 16:49:47.647 [info] > git for-each-ref --format=%(refname)%00%(upstream:short)%00%(objectname)%00%(upstream:track)%00%(upstream:remotename)%00%(upstream:remoteref) refs/heads/main refs/remotes/main [2ms]
2025-05-12 16:49:47.654 [info] > git for-each-ref --sort -committerdate --format %(refname)%00%(objectname)%00%(*objectname) [2ms]
2025-05-12 16:49:47.656 [info] > git status -z -uall [7ms]
2025-05-12 16:49:52.663 [info] > git config --get commit.template [1ms]
2025-05-12 16:49:52.667 [info] > git for-each-ref --format=%(refname)%00%(upstream:short)%00%(objectname)%00%(upstream:track)%00%(upstream:remotename)%00%(upstream:remoteref) refs/heads/main refs/remotes/main [1ms]
2025-05-12 16:49:52.674 [info] > git for-each-ref --sort -committerdate --format %(refname)%00%(objectname)%00%(*objectname) [2ms]
2025-05-12 16:49:52.675 [info] > git status -z -uall [6ms]
2025-05-12 16:49:57.684 [info] > git config --get commit.template [3ms]
2025-05-12 16:49:57.685 [info] > git for-each-ref --format=%(refname)%00%(upstream:short)%00%(objectname)%00%(upstream:track)%00%(upstream:remotename)%00%(upstream:remoteref) refs/heads/main refs/remotes/main [1ms]
2025-05-12 16:49:57.690 [info] > git for-each-ref --sort -committerdate --format %(refname)%00%(objectname)%00%(*objectname) [1ms]
2025-05-12 16:49:57.692 [info] > git status -z -uall [5ms]
2025-05-12 16:50:02.702 [info] > git config --get commit.template [4ms]
2025-05-12 16:50:02.703 [info] > git for-each-ref --format=%(refname)%00%(upstream:short)%00%(objectname)%00%(upstream:track)%00%(upstream:remotename)%00%(upstream:remoteref) refs/heads/main refs/remotes/main [2ms]
2025-05-12 16:50:02.709 [info] > git for-each-ref --sort -committerdate --format %(refname)%00%(objectname)%00%(*objectname) [1ms]
2025-05-12 16:50:02.713 [info] > git status -z -uall [8ms]
2025-05-12 16:50:07.722 [info] > git config --get commit.template [1ms]
2025-05-12 16:50:07.727 [info] > git for-each-ref --format=%(refname)%00%(upstream:short)%00%(objectname)%00%(upstream:track)%00%(upstream:remotename)%00%(upstream:remoteref) refs/heads/main refs/remotes/main [2ms]
2025-05-12 16:50:07.734 [info] > git for-each-ref --sort -committerdate --format %(refname)%00%(objectname)%00%(*objectname) [1ms]
2025-05-12 16:50:07.738 [info] > git status -z -uall [8ms]
2025-05-12 16:50:12.749 [info] > git config --get commit.template [4ms]
2025-05-12 16:50:12.749 [info] > git for-each-ref --format=%(refname)%00%(upstream:short)%00%(objectname)%00%(upstream:track)%00%(upstream:remotename)%00%(upstream:remoteref) refs/heads/main refs/remotes/main [1ms]
2025-05-12 16:50:12.757 [info] > git for-each-ref --sort -committerdate --format %(refname)%00%(objectname)%00%(*objectname) [1ms]
2025-05-12 16:50:12.758 [info] > git status -z -uall [7ms]
2025-05-12 16:50:16.119 [info] > git show --textconv :AULAS_JAVA/HelloWorld/Main.java [3ms]
2025-05-12 16:50:16.121 [info] > git ls-files --stage -- AULAS_JAVA/HelloWorld/Main.java [2ms]
2025-05-12 16:50:16.127 [info] > git cat-file -s 598f2d1b27f3d04c3959674b0b1e1445a5b4f3db [1ms]
2025-05-12 16:50:16.190 [info] > git blame --root --incremental 3b217d002b7b550df1b8e0df88c8c5895d550be2 -- AULAS_JAVA/HelloWorld/Main.java [4ms]
2025-05-12 16:50:16.299 [info] > git check-ignore -v -z --stdin [1ms]
2025-05-12 16:50:17.765 [info] > git config --get commit.template [1ms]
2025-05-12 16:50:17.769 [info] > git for-each-ref --format=%(refname)%00%(upstream:short)%00%(objectname)%00%(upstream:track)%00%(upstream:remotename)%00%(upstream:remoteref) refs/heads/main refs/remotes/main [1ms]
2025-05-12 16:50:17.778 [info] > git for-each-ref --sort -committerdate --format %(refname)%00%(objectname)%00%(*objectname) [2ms]
2025-05-12 16:50:17.780 [info] > git status -z -uall [7ms]
2025-05-12 16:50:22.788 [info] > git config --get commit.template [0ms]
2025-05-12 16:50:22.791 [info] > git for-each-ref --format=%(refname)%00%(upstream:short)%00%(objectname)%00%(upstream:track)%00%(upstream:remotename)%00%(upstream:remoteref) refs/heads/main refs/remotes/main [1ms]
2025-05-12 16:50:22.795 [info] > git for-each-ref --sort -committerdate --format %(refname)%00%(objectname)%00%(*objectname) [1ms]
2025-05-12 16:50:22.797 [info] > git status -z -uall [4ms]
2025-05-12 16:50:27.808 [info] > git config --get commit.template [4ms]
2025-05-12 16:50:27.808 [info] > git for-each-ref --format=%(refname)%00%(upstream:short)%00%(objectname)%00%(upstream:track)%00%(upstream:remotename)%00%(upstream:remoteref) refs/heads/main refs/remotes/main [1ms]
2025-05-12 16:50:27.817 [info] > git for-each-ref --sort -committerdate --format %(refname)%00%(objectname)%00%(*objectname) [3ms]
2025-05-12 16:50:27.819 [info] > git status -z -uall [8ms]
2025-05-12 16:50:32.829 [info] > git config --get commit.template [3ms]
2025-05-12 16:50:32.829 [info] > git for-each-ref --format=%(refname)%00%(upstream:short)%00%(objectname)%00%(upstream:track)%00%(upstream:remotename)%00%(upstream:remoteref) refs/heads/main refs/remotes/main [1ms]
2025-05-12 16:50:32.836 [info] > git for-each-ref --sort -committerdate --format %(refname)%00%(objectname)%00%(*objectname) [2ms]
2025-05-12 16:50:32.838 [info] > git status -z -uall [6ms]
2025-05-12 16:50:37.847 [info] > git config --get commit.template [2ms]
2025-05-12 16:50:37.851 [info] > git for-each-ref --format=%(refname)%00%(upstream:short)%00%(objectname)%00%(upstream:track)%00%(upstream:remotename)%00%(upstream:remoteref) refs/heads/main refs/remotes/main [1ms]
2025-05-12 16:50:37.858 [info] > git for-each-ref --sort -committerdate --format %(refname)%00%(objectname)%00%(*objectname) [1ms]
2025-05-12 16:50:37.860 [info] > git status -z -uall [6ms]
2025-05-12 16:50:42.871 [info] > git config --get commit.template [4ms]
2025-05-12 16:50:42.872 [info] > git for-each-ref --format=%(refname)%00%(upstream:short)%00%(objectname)%00%(upstream:track)%00%(upstream:remotename)%00%(upstream:remoteref) refs/heads/main refs/remotes/main [2ms]
2025-05-12 16:50:42.879 [info] > git for-each-ref --sort -committerdate --format %(refname)%00%(objectname)%00%(*objectname) [2ms]
2025-05-12 16:50:42.881 [info] > git status -z -uall [7ms]
2025-05-12 16:50:47.893 [info] > git config --get commit.template [3ms]
2025-05-12 16:50:47.894 [info] > git for-each-ref --format=%(refname)%00%(upstream:short)%00%(objectname)%00%(upstream:track)%00%(upstream:remotename)%00%(upstream:remoteref) refs/heads/main refs/remotes/main [1ms]
2025-05-12 16:50:47.901 [info] > git for-each-ref --sort -committerdate --format %(refname)%00%(objectname)%00%(*objectname) [2ms]
2025-05-12 16:50:47.904 [info] > git status -z -uall [8ms]
2025-05-12 16:50:52.910 [info] > git config --get commit.template [3ms]
2025-05-12 16:50:52.911 [info] > git for-each-ref --format=%(refname)%00%(upstream:short)%00%(objectname)%00%(upstream:track)%00%(upstream:remotename)%00%(upstream:remoteref) refs/heads/main refs/remotes/main [1ms]
2025-05-12 16:50:52.919 [info] > git for-each-ref --sort -committerdate --format %(refname)%00%(objectname)%00%(*objectname) [2ms]
2025-05-12 16:50:52.922 [info] > git status -z -uall [8ms]
2025-05-12 16:50:57.932 [info] > git config --get commit.template [2ms]
2025-05-12 16:50:57.936 [info] > git for-each-ref --format=%(refname)%00%(upstream:short)%00%(objectname)%00%(upstream:track)%00%(upstream:remotename)%00%(upstream:remoteref) refs/heads/main refs/remotes/main [1ms]
2025-05-12 16:50:57.942 [info] > git for-each-ref --sort -committerdate --format %(refname)%00%(objectname)%00%(*objectname) [1ms]
2025-05-12 16:50:57.946 [info] > git status -z -uall [8ms]
2025-05-12 16:51:02.954 [info] > git config --get commit.template [1ms]
2025-05-12 16:51:02.959 [info] > git for-each-ref --format=%(refname)%00%(upstream:short)%00%(objectname)%00%(upstream:track)%00%(upstream:remotename)%00%(upstream:remoteref) refs/heads/main refs/remotes/main [1ms]
2025-05-12 16:51:02.967 [info] > git for-each-ref --sort -committerdate --format %(refname)%00%(objectname)%00%(*objectname) [2ms]
2025-05-12 16:51:02.969 [info] > git status -z -uall [7ms]
2025-05-12 16:51:07.977 [info] > git config --get commit.template [2ms]
2025-05-12 16:51:07.977 [info] > git for-each-ref --format=%(refname)%00%(upstream:short)%00%(objectname)%00%(upstream:track)%00%(upstream:remotename)%00%(upstream:remoteref) refs/heads/main refs/remotes/main [0ms]
2025-05-12 16:51:07.981 [info] > git for-each-ref --sort -committerdate --format %(refname)%00%(objectname)%00%(*objectname) [0ms]
2025-05-12 16:51:07.984 [info] > git status -z -uall [5ms]
2025-05-12 16:52:27.801 [info] > git config --get commit.template [27ms]
2025-05-12 16:52:27.804 [info] > git for-each-ref --format=%(refname)%00%(upstream:short)%00%(objectname)%00%(upstream:track)%00%(upstream:remotename)%00%(upstream:remoteref) refs/heads/main refs/remotes/main [25ms]
2025-05-12 16:52:27.820 [info] > git for-each-ref --sort -committerdate --format %(refname)%00%(objectname)%00%(*objectname) [5ms]
2025-05-12 16:52:27.848 [info] > git status -z -uall [39ms]
