2025-05-12 00:30:31.443 [info] Reading sessions from keychain...
2025-05-12 00:30:31.443 [info] Getting sessions for all scopes...
2025-05-12 00:30:31.443 [info] Getting sessions for all scopes...
2025-05-12 00:30:31.443 [info] Got 0 sessions for ...
2025-05-12 00:30:31.443 [info] Got 0 sessions for ...
2025-05-12 00:30:31.444 [info] Getting sessions for read:user,repo,user:email,workflow...
2025-05-12 00:30:31.444 [info] Got 0 sessions for read:user,repo,user:email,workflow...
2025-05-12 00:30:35.229 [info] Logging in with 'any' account...
2025-05-12 00:30:35.230 [info] Logging in for the following scopes: read:user repo user:email workflow
2025-05-12 00:30:35.298 [info] Trying device code flow... (read:user repo user:email workflow)
2025-05-12 00:31:33.769 [info] Getting user info...
2025-05-12 00:31:34.119 [info] Got account info!
2025-05-12 00:31:34.119 [info] Storing 1 sessions...
2025-05-12 00:31:34.124 [info] Reading sessions from keychain...
2025-05-12 00:31:34.124 [info] Stored 1 sessions!
2025-05-12 00:31:34.124 [info] Login success!
2025-05-12 00:31:34.134 [info] Got stored sessions!
2025-05-12 00:31:34.134 [info] Got 1 verified sessions.
2025-05-12 00:31:34.141 [info] Getting sessions for read:user,repo,user:email,workflow...
2025-05-12 00:31:34.141 [info] Got 1 sessions for read:user,repo,user:email,workflow...
2025-05-12 00:31:34.621 [info] Getting sessions for read:user,repo,user:email,workflow...
2025-05-12 00:31:34.621 [info] Got 1 sessions for read:user,repo,user:email,workflow...
2025-05-12 00:31:34.673 [info] Getting sessions for read:user,repo,user:email,workflow...
2025-05-12 00:31:34.674 [info] Got 1 sessions for read:user,repo,user:email,workflow...
2025-05-12 00:33:30.365 [info] Getting sessions for read:user,repo,user:email,workflow...
2025-05-12 00:33:30.365 [info] Got 1 sessions for read:user,repo,user:email,workflow...
2025-05-12 00:35:07.949 [info] Getting sessions for read:user,repo,user:email,workflow...
2025-05-12 00:35:07.949 [info] Got 1 sessions for read:user,repo,user:email,workflow...
